SF:E:\workspace\training\bk\unit-testing\simple-hash\SimpleHash\PasswordEncryption.cs
FN:10,System.String SimpleHash.PasswordEncryption::GetHash(System.String)
FNDA:30,System.String SimpleHash.PasswordEncryption::GetHash(System.String)
DA:11,30
DA:12,30
DA:13,30
DA:14,30
DA:15,30
FN:17,System.ValueTuple`2<System.String,System.String> SimpleHash.PasswordEncryption::HashPassword(System.String)
FNDA:2,System.ValueTuple`2<System.String,System.String> SimpleHash.PasswordEncryption::HashPassword(System.String)
DA:18,2
DA:19,2
DA:20,2
DA:21,2
DA:22,22
DA:23,20
DA:24,20
DA:25,20
DA:26,20
DA:27,2
DA:28,2
BRDA:22,41,1,20
BRDA:22,41,0,2
FN:30,System.String SimpleHash.PasswordEncryption::GenerateSalt()
FNDA:2,System.String SimpleHash.PasswordEncryption::GenerateSalt()
DA:31,2
DA:32,2
DA:33,2
DA:34,2
DA:35,2
DA:36,2
FN:38,System.Boolean SimpleHash.PasswordEncryption::Verify(System.String,System.String,System.String)
FNDA:1,System.Boolean SimpleHash.PasswordEncryption::Verify(System.String,System.String,System.String)
DA:39,1
DA:40,1
DA:41,1
DA:42,11
DA:43,10
DA:44,10
DA:45,10
DA:46,10
DA:47,1
DA:48,1
BRDA:42,34,1,10
BRDA:42,34,0,1
LF:32
LH:32
BRF:4
BRH:4
FNF:4
FNH:4
end_of_record
SF:E:\workspace\training\bk\unit-testing\simple-hash\SimpleHash\Program.cs
FN:7,System.Void SimpleHash.Program::Main(System.String[])
FNDA:0,System.Void SimpleHash.Program::Main(System.String[])
DA:8,0
DA:10,0
LF:2
LH:0
BRF:0
BRH:0
FNF:1
FNH:0
end_of_record